<?xml version="1.0" encoding="UTF-8"?>
<testsuites name="integration" time="178.275" tests="1" failures="0" errors="0">
   <testsuite name="integration" tests="1" failures="0" errors="0" time="178.275" skipped="0" timestamp="06-02-2024T19:51:54" hostname="Devil - LAPTOP-V2P5S4MK.mshome.net" id="Test Suites/full_integration/integration">
      <properties>
         <property name="deviceName" value=""/>
         <property name="devicePlatform" value=""/>
         <property name="logFolder" value="C:\\Users\\Devil\\git\\SI-GuidedProject-705690-1704903143\\Reports\\20240206_195148\\full_integration\\integration\\20240206_195148"/>
         <property name="logFiles" value="C:\\Users\\Devil\\git\\SI-GuidedProject-705690-1704903143\\Reports\\20240206_195148\\full_integration\\integration\\20240206_195148\\execution0.log"/>
         <property name="attachments" value=""/>
         <property name="hostName" value="Devil - LAPTOP-V2P5S4MK.mshome.net"/>
         <property name="os" value="Windows 10 64bit"/>
         <property name="katalonVersion" value="9.2.0.212"/>
         <property name="browser" value="Chrome 121.0.0.0"/>
         <property name="hostAddress" value="192.168.137.1"/>
         <property name="sessionId" value="3cd83cc1cce943c25fc27efb45036e6a"/>
         <property name="seleniumVersion" value="3.141.59"/>
         <property name="proxyInformation" value="ProxyInformation { proxyOption=NO_PROXY, proxyServerType=HTTP, username=, password=********, proxyServerAddress=, proxyServerPort=0, executionList=&quot;&quot;, isApplyToDesiredCapabilities=true }"/>
         <property name="platform" value="Windows 10"/>
      </properties>
      <testcase name="Test Cases/integration/successful002" time="177.995" classname="Test Cases/integration/successful002" status="PASSED">
         <system-out><![CDATA[06-02-2024T19:51:54 - [TEST_CASE][PASSED] - Test Cases/integration/successful002: Test Cases/integration/successful002

06-02-2024T19:51:55 - [TEST_STEP][PASSED] - openBrowser(""): Browser is opened with url: ''

06-02-2024T19:51:55 - [MESSAGE][INFO] - Starting 'Chrome' driver

06-02-2024T19:51:55 - [MESSAGE][INFO] - Action delay is set to 0 milliseconds

06-02-2024T19:51:57 - [MESSAGE][PASSED] - Browser is opened with url: ''

06-02-2024T19:51:57 - [TEST_STEP][PASSED] - navigateToUrl("https://www.amazon.in/"): Navigate to 'https://www.amazon.in/' successfully

06-02-2024T19:52:02 - [MESSAGE][PASSED] - Navigate to 'https://www.amazon.in/' successfully

06-02-2024T19:52:02 - [TEST_STEP][PASSED] - click(findTestObject("Object Repository/integration/successful002/Page_Online Shopping site in India Shop Onl_10c5f3/i_hm-icon nav-sprite")): Object: 'Object Repository/integration/successful002/Page_Online Shopping site in India Shop Onl_10c5f3/i_hm-icon nav-sprite' is clicked on

06-02-2024T19:52:03 - [MESSAGE][PASSED] - Object: 'Object Repository/integration/successful002/Page_Online Shopping site in India Shop Onl_10c5f3/i_hm-icon nav-sprite' is clicked on

06-02-2024T19:52:03 - [TEST_STEP][PASSED] - click(findTestObject("Object Repository/integration/successful002/Page_Online Shopping site in India Shop Onl_10c5f3/b_Hello, sign in")): Object: 'Object Repository/integration/successful002/Page_Online Shopping site in India Shop Onl_10c5f3/b_Hello, sign in' is clicked on

06-02-2024T19:52:05 - [MESSAGE][PASSED] - Object: 'Object Repository/integration/successful002/Page_Online Shopping site in India Shop Onl_10c5f3/b_Hello, sign in' is clicked on

06-02-2024T19:52:05 - [TEST_STEP][PASSED] - setText(findTestObject("Object Repository/integration/successful002/Page_Amazon Sign In/input_email"), "7779970102"): Text '7779970102' is set on object 'Object Repository/integration/successful002/Page_Amazon Sign In/input_email'

06-02-2024T19:52:06 - [MESSAGE][PASSED] - Text '7779970102' is set on object 'Object Repository/integration/successful002/Page_Amazon Sign In/input_email'

06-02-2024T19:52:06 - [TEST_STEP][PASSED] - click(findTestObject("Object Repository/integration/successful002/Page_Amazon Sign In/inputcontinue")): Object: 'Object Repository/integration/successful002/Page_Amazon Sign In/inputcontinue' is clicked on

06-02-2024T19:52:08 - [MESSAGE][PASSED] - Object: 'Object Repository/integration/successful002/Page_Amazon Sign In/inputcontinue' is clicked on

06-02-2024T19:52:08 - [TEST_STEP][PASSED] - setEncryptedText(findTestObject("Object Repository/integration/successful002/Page_Amazon Sign In/input_password"), "eSPcD+aU0jcqZChrJx5wLA=="): Text ****** has been set on object 'Object Repository/integration/successful002/Page_Amazon Sign In/input_password'

06-02-2024T19:52:09 - [MESSAGE][PASSED] - Text ****** has been set on object 'Object Repository/integration/successful002/Page_Amazon Sign In/input_password'

06-02-2024T19:52:09 - [TEST_STEP][PASSED] - click(findTestObject("Object Repository/integration/successful002/Page_Amazon Sign In/inputsignInSubmit")): Object: 'Object Repository/integration/successful002/Page_Amazon Sign In/inputsignInSubmit' is clicked on

06-02-2024T19:52:09 - [MESSAGE][PASSED] - Object: 'Object Repository/integration/successful002/Page_Amazon Sign In/inputsignInSubmit' is clicked on

06-02-2024T19:52:09 - [TEST_STEP][PASSED] - click(findTestObject("Object Repository/integration/successful002/Page_Online Shopping site in India Shop Onl_10c5f3/a_Amazon miniTV")): Object: 'Object Repository/integration/successful002/Page_Online Shopping site in India Shop Onl_10c5f3/a_Amazon miniTV' is clicked on

06-02-2024T19:52:19 - [MESSAGE][PASSED] - Object: 'Object Repository/integration/successful002/Page_Online Shopping site in India Shop Onl_10c5f3/a_Amazon miniTV' is clicked on

06-02-2024T19:52:19 - [TEST_STEP][PASSED] - click(findTestObject("Object Repository/integration/successful002/Page_Amazon miniTV - Watch Free Web Series,_86fafa/span_Imported")): Object: 'Object Repository/integration/successful002/Page_Amazon miniTV - Watch Free Web Series,_86fafa/span_Imported' is clicked on

06-02-2024T19:52:21 - [MESSAGE][PASSED] - Object: 'Object Repository/integration/successful002/Page_Amazon miniTV - Watch Free Web Series,_86fafa/span_Imported' is clicked on

06-02-2024T19:52:21 - [TEST_STEP][PASSED] - click(findTestObject("Object Repository/integration/successful002/Page_Watch Dubbed Web Series, Korean Drama,_0fb818/span_Web Series")): Object: 'Object Repository/integration/successful002/Page_Watch Dubbed Web Series, Korean Drama,_0fb818/span_Web Series' is clicked on

06-02-2024T19:52:22 - [MESSAGE][PASSED] - Object: 'Object Repository/integration/successful002/Page_Watch Dubbed Web Series, Korean Drama,_0fb818/span_Web Series' is clicked on

06-02-2024T19:52:22 - [TEST_STEP][PASSED] - click(findTestObject("Object Repository/integration/successful002/Page_Watch Latest Web Series Online for Fre_49d131/span_Movies")): Object: 'Object Repository/integration/successful002/Page_Watch Latest Web Series Online for Fre_49d131/span_Movies' is clicked on

06-02-2024T19:52:23 - [MESSAGE][PASSED] - Object: 'Object Repository/integration/successful002/Page_Watch Latest Web Series Online for Fre_49d131/span_Movies' is clicked on

06-02-2024T19:52:23 - [TEST_STEP][PASSED] - click(findTestObject("Object Repository/integration/successful002/Page_Watch Popular Movies  Short Films Onli_56b9b2/span_Romance")): Object: 'Object Repository/integration/successful002/Page_Watch Popular Movies  Short Films Onli_56b9b2/span_Romance' is clicked on

06-02-2024T19:52:24 - [MESSAGE][PASSED] - Object: 'Object Repository/integration/successful002/Page_Watch Popular Movies  Short Films Onli_56b9b2/span_Romance' is clicked on

06-02-2024T19:52:24 - [TEST_STEP][PASSED] - click(findTestObject("Object Repository/integration/successful002/Page_Watch Trending Romantic Web Series  Mo_a46f5a/span_Comedy")): Object: 'Object Repository/integration/successful002/Page_Watch Trending Romantic Web Series  Mo_a46f5a/span_Comedy' is clicked on

06-02-2024T19:52:26 - [MESSAGE][PASSED] - Object: 'Object Repository/integration/successful002/Page_Watch Trending Romantic Web Series  Mo_a46f5a/span_Comedy' is clicked on

06-02-2024T19:52:26 - [TEST_STEP][PASSED] - click(findTestObject("Object Repository/integration/successful002/Page_Watch Comedy Web Series, Short Films  _4c3a92/img_AppNavbar_mShopIcon__4UsHr")): Object: 'Object Repository/integration/successful002/Page_Watch Comedy Web Series, Short Films  _4c3a92/img_AppNavbar_mShopIcon__4UsHr' is clicked on

06-02-2024T19:52:33 - [MESSAGE][PASSED] - Object: 'Object Repository/integration/successful002/Page_Watch Comedy Web Series, Short Films  _4c3a92/img_AppNavbar_mShopIcon__4UsHr' is clicked on

06-02-2024T19:52:33 - [TEST_STEP][PASSED] - setText(findTestObject("Object Repository/integration/successful002/Page_Amazon.in/input_field-keywords_1"), "poco x6"): Text 'poco x6' is set on object 'Object Repository/integration/successful002/Page_Amazon.in/input_field-keywords_1'

06-02-2024T19:52:37 - [MESSAGE][PASSED] - Text 'poco x6' is set on object 'Object Repository/integration/successful002/Page_Amazon.in/input_field-keywords_1'

06-02-2024T19:52:37 - [TEST_STEP][PASSED] - click(findTestObject("Object Repository/integration/successful002/Page_Amazon.in/inputnav-search-submit-button")): Object: 'Object Repository/integration/successful002/Page_Amazon.in/inputnav-search-submit-button' is clicked on

06-02-2024T19:52:41 - [MESSAGE][PASSED] - Object: 'Object Repository/integration/successful002/Page_Amazon.in/inputnav-search-submit-button' is clicked on

06-02-2024T19:52:41 - [TEST_STEP][PASSED] - click(findTestObject("Object Repository/integration/successful002/Page_Amazon.in  poco x6/button_Add to Cart")): Object: 'Object Repository/integration/successful002/Page_Amazon.in  poco x6/button_Add to Cart' is clicked on

06-02-2024T19:52:42 - [MESSAGE][PASSED] - Object: 'Object Repository/integration/successful002/Page_Amazon.in  poco x6/button_Add to Cart' is clicked on

06-02-2024T19:52:42 - [TEST_STEP][PASSED] - click(findTestObject("Object Repository/integration/successful002/Page_Amazon.in  poco x6/a_1                                        _7d74ab")): Object: 'Object Repository/integration/successful002/Page_Amazon.in  poco x6/a_1                                        _7d74ab' is clicked on

06-02-2024T19:52:45 - [MESSAGE][PASSED] - Object: 'Object Repository/integration/successful002/Page_Amazon.in  poco x6/a_1                                        _7d74ab' is clicked on

06-02-2024T19:52:45 - [TEST_STEP][PASSED] - click(findTestObject("Object Repository/integration/successful002/Page_Amazon.in Shopping Cart/input_proceedToRetailCheckout")): Object: 'Object Repository/integration/successful002/Page_Amazon.in Shopping Cart/input_proceedToRetailCheckout' is clicked on

06-02-2024T19:52:54 - [MESSAGE][PASSED] - Object: 'Object Repository/integration/successful002/Page_Amazon.in Shopping Cart/input_proceedToRetailCheckout' is clicked on

06-02-2024T19:52:54 - [TEST_STEP][PASSED] - click(findTestObject("Object Repository/integration/successful002/Page_Select a delivery address/a_Add a new address")): Object: 'Object Repository/integration/successful002/Page_Select a delivery address/a_Add a new address' is clicked on

06-02-2024T19:52:56 - [MESSAGE][PASSED] - Object: 'Object Repository/integration/successful002/Page_Select a delivery address/a_Add a new address' is clicked on

06-02-2024T19:52:56 - [TEST_STEP][PASSED] - click(findTestObject("Object Repository/integration/successful002/Page_Select a delivery address/span_India")): Object: 'Object Repository/integration/successful002/Page_Select a delivery address/span_India' is clicked on

06-02-2024T19:52:56 - [MESSAGE][PASSED] - Object: 'Object Repository/integration/successful002/Page_Select a delivery address/span_India' is clicked on

06-02-2024T19:52:56 - [TEST_STEP][PASSED] - click(findTestObject("Object Repository/integration/successful002/Page_Select a delivery address/a_India")): Object: 'Object Repository/integration/successful002/Page_Select a delivery address/a_India' is clicked on

06-02-2024T19:52:57 - [MESSAGE][PASSED] - Object: 'Object Repository/integration/successful002/Page_Select a delivery address/a_India' is clicked on

06-02-2024T19:52:57 - [TEST_STEP][PASSED] - setText(findTestObject("Object Repository/integration/successful002/Page_Select a delivery address/input_address-ui-widgets-enterAddressFullName"), "Ritesh Kumar"): Text 'Ritesh Kumar' is set on object 'Object Repository/integration/successful002/Page_Select a delivery address/input_address-ui-widgets-enterAddressFullName'

06-02-2024T19:52:58 - [MESSAGE][PASSED] - Text 'Ritesh Kumar' is set on object 'Object Repository/integration/successful002/Page_Select a delivery address/input_address-ui-widgets-enterAddressFullName'

06-02-2024T19:52:58 - [TEST_STEP][PASSED] - setText(findTestObject("Object Repository/integration/successful002/Page_Select a delivery address/input_address-ui-widgets-enterAddressPhoneNumber"), "7779970102"): Text '7779970102' is set on object 'Object Repository/integration/successful002/Page_Select a delivery address/input_address-ui-widgets-enterAddressPhoneNumber'

06-02-2024T19:52:58 - [MESSAGE][PASSED] - Text '7779970102' is set on object 'Object Repository/integration/successful002/Page_Select a delivery address/input_address-ui-widgets-enterAddressPhoneNumber'

06-02-2024T19:52:58 - [TEST_STEP][PASSED] - setText(findTestObject("Object Repository/integration/successful002/Page_Select a delivery address/input_address-ui-widgets-enterAddressPostalCode"), "834010"): Text '834010' is set on object 'Object Repository/integration/successful002/Page_Select a delivery address/input_address-ui-widgets-enterAddressPostalCode'

06-02-2024T19:52:59 - [MESSAGE][PASSED] - Text '834010' is set on object 'Object Repository/integration/successful002/Page_Select a delivery address/input_address-ui-widgets-enterAddressPostalCode'

06-02-2024T19:52:59 - [TEST_STEP][PASSED] - setText(findTestObject("Object Repository/integration/successful002/Page_Select a delivery address/input_address-ui-widgets-enterAddressLine1"), "847"): Text '847' is set on object 'Object Repository/integration/successful002/Page_Select a delivery address/input_address-ui-widgets-enterAddressLine1'

06-02-2024T19:53:01 - [MESSAGE][PASSED] - Text '847' is set on object 'Object Repository/integration/successful002/Page_Select a delivery address/input_address-ui-widgets-enterAddressLine1'

06-02-2024T19:53:01 - [TEST_STEP][PASSED] - setText(findTestObject("Object Repository/integration/successful002/Page_Select a delivery address/input_address-ui-widgets-enterAddressLine2"), "Namkum Bazar, Ranchi"): Text 'Namkum Bazar, Ranchi' is set on object 'Object Repository/integration/successful002/Page_Select a delivery address/input_address-ui-widgets-enterAddressLine2'

06-02-2024T19:53:01 - [MESSAGE][PASSED] - Text 'Namkum Bazar, Ranchi' is set on object 'Object Repository/integration/successful002/Page_Select a delivery address/input_address-ui-widgets-enterAddressLine2'

06-02-2024T19:53:01 - [TEST_STEP][PASSED] - setText(findTestObject("Object Repository/integration/successful002/Page_Select a delivery address/input_address-ui-widgets-landmark"), "Rajprastha Hospital"): Text 'Rajprastha Hospital' is set on object 'Object Repository/integration/successful002/Page_Select a delivery address/input_address-ui-widgets-landmark'

06-02-2024T19:53:03 - [MESSAGE][PASSED] - Text 'Rajprastha Hospital' is set on object 'Object Repository/integration/successful002/Page_Select a delivery address/input_address-ui-widgets-landmark'

06-02-2024T19:53:03 - [TEST_STEP][PASSED] - setText(findTestObject("Object Repository/integration/successful002/Page_Select a delivery address/input_address-ui-widgets-enterAddressCity"), "RANCHI"): Text 'RANCHI' is set on object 'Object Repository/integration/successful002/Page_Select a delivery address/input_address-ui-widgets-enterAddressCity'

06-02-2024T19:53:04 - [MESSAGE][PASSED] - Text 'RANCHI' is set on object 'Object Repository/integration/successful002/Page_Select a delivery address/input_address-ui-widgets-enterAddressCity'

06-02-2024T19:53:04 - [TEST_STEP][PASSED] - click(findTestObject("Object Repository/integration/successful002/Page_Select a delivery address/span_JHARKHAND")): Object: 'Object Repository/integration/successful002/Page_Select a delivery address/span_JHARKHAND' is clicked on

06-02-2024T19:53:04 - [MESSAGE][PASSED] - Object: 'Object Repository/integration/successful002/Page_Select a delivery address/span_JHARKHAND' is clicked on

06-02-2024T19:53:04 - [TEST_STEP][PASSED] - click(findTestObject("Object Repository/integration/successful002/Page_Select a delivery address/a_JHARKHAND")): Object: 'Object Repository/integration/successful002/Page_Select a delivery address/a_JHARKHAND' is clicked on

06-02-2024T19:53:05 - [MESSAGE][PASSED] - Object: 'Object Repository/integration/successful002/Page_Select a delivery address/a_JHARKHAND' is clicked on

06-02-2024T19:53:05 - [TEST_STEP][PASSED] - click(findTestObject("Object Repository/integration/successful002/Page_Select a delivery address/input_a-button-input")): Object: 'Object Repository/integration/successful002/Page_Select a delivery address/input_a-button-input' is clicked on

06-02-2024T19:53:05 - [MESSAGE][PASSED] - Object: 'Object Repository/integration/successful002/Page_Select a delivery address/input_a-button-input' is clicked on

06-02-2024T19:53:05 - [TEST_STEP][PASSED] - click(findTestObject("Object Repository/integration/successful002/Page_Amazon.in Checkout/input_ppw-instrumentRowSelection")): Object: 'Object Repository/integration/successful002/Page_Amazon.in Checkout/input_ppw-instrumentRowSelection' is clicked on

06-02-2024T19:53:36 - [MESSAGE][INFO] - Unable to find the element located by 'By.xpath: //input[@id='pp-aJblg7-128']'. Please recheck the objects properties to make sure the desired element is located. 

06-02-2024T19:53:36 - [MESSAGE][WARNING] - [SELF-HEALING] Failed to find element with id 'Object Repository/integration/successful002/Page_Amazon.in Checkout/input_ppw-instrumentRowSelection'. Try using Self-healing.

06-02-2024T19:53:37 - [MESSAGE][INFO] - [SELF-HEALING] Failed Locator: '//input[@id='pp-aJblg7-128']'.

06-02-2024T19:53:37 - [MESSAGE][INFO] - [SELF-HEALING] Failed Locator: '//div[@id='pp-aJblg7-127']/div/div/div/div/div/div/label/input'.

06-02-2024T19:53:37 - [MESSAGE][INFO] - [SELF-HEALING] Working Locator: '//div/div/label/input'.

06-02-2024T19:53:38 - [MESSAGE][INFO] - [SELF-HEALING] Screenshot: C:/Users/Devil/git/SI-GuidedProject-705690-1704903143/Reports/Self-healing/Object Repository/integration/successful002/Page_Amazon.in Checkout/input_ppw-instrumentRowSelection_position.png

06-02-2024T19:53:38 - [MESSAGE][WARNING] - [SELF-HEALING] The current locator of test object 'Object Repository/integration/successful002/Page_Amazon.in Checkout/input_ppw-instrumentRowSelection' was broken. Propose an alternative one: '//div/div/label/input'.

06-02-2024T19:53:38 - [MESSAGE][PASSED] - Object: 'Object Repository/integration/successful002/Page_Amazon.in Checkout/input_ppw-instrumentRowSelection' is clicked on

06-02-2024T19:53:38 - [TEST_STEP][PASSED] - setText(findTestObject("Object Repository/integration/successful002/Page_Amazon.in Checkout/input___sif_encryptedVPA_collect"), "demonritesh8092-1@oksbi"): Text 'demonritesh8092-1@oksbi' is set on object 'Object Repository/integration/successful002/Page_Amazon.in Checkout/input___sif_encryptedVPA_collect'

06-02-2024T19:54:09 - [MESSAGE][INFO] - Unable to find the element located by 'By.xpath: //input[@id='pp-aJblg7-116']'. Please recheck the objects properties to make sure the desired element is located. 

06-02-2024T19:54:09 - [MESSAGE][WARNING] - [SELF-HEALING] Failed to find element with id 'Object Repository/integration/successful002/Page_Amazon.in Checkout/input___sif_encryptedVPA_collect'. Try using Self-healing.

06-02-2024T19:54:09 - [MESSAGE][INFO] - [SELF-HEALING] Failed Locator: '//input[@id='pp-aJblg7-116']'.

06-02-2024T19:54:10 - [MESSAGE][INFO] - [SELF-HEALING] Failed Locator: '//div[@id='pp-aJblg7-131']/div[2]/div/div/div/div/div/div/input'.

06-02-2024T19:54:10 - [MESSAGE][INFO] - [SELF-HEALING] Working Locator: '//div[2]/div/div/div/div/div/div/input'.

06-02-2024T19:54:10 - [MESSAGE][INFO] - [SELF-HEALING] Screenshot: C:/Users/Devil/git/SI-GuidedProject-705690-1704903143/Reports/Self-healing/Object Repository/integration/successful002/Page_Amazon.in Checkout/input___sif_encryptedVPA_collect_position.png

06-02-2024T19:54:10 - [MESSAGE][WARNING] - [SELF-HEALING] The current locator of test object 'Object Repository/integration/successful002/Page_Amazon.in Checkout/input___sif_encryptedVPA_collect' was broken. Propose an alternative one: '//div[2]/div/div/div/div/div/div/input'.

06-02-2024T19:54:41 - [MESSAGE][INFO] - Unable to find the element located by 'By.xpath: //input[@id='pp-aJblg7-116']'. Please recheck the objects properties to make sure the desired element is located. 

06-02-2024T19:54:41 - [MESSAGE][WARNING] - [SELF-HEALING] Failed to find element with id 'Object Repository/integration/successful002/Page_Amazon.in Checkout/input___sif_encryptedVPA_collect'. Try using Self-healing.

06-02-2024T19:54:41 - [MESSAGE][WARNING] - [SELF-HEALING] The current locator of test object 'Object Repository/integration/successful002/Page_Amazon.in Checkout/input___sif_encryptedVPA_collect' was broken. Propose an alternative one: '//div[2]/div/div/div/div/div/div/input'.

06-02-2024T19:54:42 - [MESSAGE][PASSED] - Text 'demonritesh8092-1@oksbi' is set on object 'Object Repository/integration/successful002/Page_Amazon.in Checkout/input___sif_encryptedVPA_collect'

06-02-2024T19:54:42 - [TEST_STEP][PASSED] - click(findTestObject("Object Repository/integration/successful002/Page_Amazon.in Checkout/input_ppw-widgetEventValidateUpiIdEvent")): Object: 'Object Repository/integration/successful002/Page_Amazon.in Checkout/input_ppw-widgetEventValidateUpiIdEvent' is clicked on

06-02-2024T19:54:42 - [MESSAGE][PASSED] - Object: 'Object Repository/integration/successful002/Page_Amazon.in Checkout/input_ppw-widgetEventValidateUpiIdEvent' is clicked on

06-02-2024T19:54:42 - [TEST_STEP][PASSED] - click(findTestObject("Object Repository/integration/successful002/Page_Amazon.in Checkout/input_ppw-widgetEventSetPaymentPlanSelectCo_b3daea")): Object: 'Object Repository/integration/successful002/Page_Amazon.in Checkout/input_ppw-widgetEventSetPaymentPlanSelectCo_b3daea' is clicked on

06-02-2024T19:54:51 - [MESSAGE][PASSED] - Object: 'Object Repository/integration/successful002/Page_Amazon.in Checkout/input_ppw-widgetEventSetPaymentPlanSelectCo_b3daea' is clicked on

06-02-2024T19:54:51 - [TEST_STEP][PASSED] - click(findTestObject("Object Repository/integration/successful002/Page_Amazon.in Checkout/span_No Thanks")): Object: 'Object Repository/integration/successful002/Page_Amazon.in Checkout/span_No Thanks' is clicked on

06-02-2024T19:54:52 - [MESSAGE][PASSED] - Object: 'Object Repository/integration/successful002/Page_Amazon.in Checkout/span_No Thanks' is clicked on

06-02-2024T19:54:52 - [TEST_STEP][PASSED] - closeBrowser(): Browser is closed

06-02-2024T19:54:52 - [MESSAGE][PASSED] - Browser is closed]]></system-out>
         <system-err><![CDATA[]]></system-err>
      </testcase>
      <system-out><![CDATA[06-02-2024T19:51:54 - [TEST_SUITE][PASSED] - integration: Test Cases/integration/successful002]]></system-out>
      <system-err><![CDATA[]]></system-err>
   </testsuite>
</testsuites>
