<?xml version="1.0" encoding="UTF-8"?>
<testsuites name="login_discover001" time="135.846" tests="3" failures="0" errors="0">
   <testsuite name="login_discover001" tests="3" failures="0" errors="0" time="135.846" skipped="0" timestamp="08-02-2024T13:28:56" hostname="Devil - LAPTOP-V2P5S4MK.mshome.net" id="Test Suites/login_discover/login_discover001">
      <properties>
         <property name="deviceName" value=""/>
         <property name="devicePlatform" value=""/>
         <property name="logFolder" value="C:\\Users\\Devil\\git\\SI-GuidedProject-705690-1704903143\\Reports\\20240208_131749\\login_discover\\login_discover001\\20240208_131754"/>
         <property name="logFiles" value="C:\\Users\\Devil\\git\\SI-GuidedProject-705690-1704903143\\Reports\\20240208_131749\\login_discover\\login_discover001\\20240208_131754\\execution0.log"/>
         <property name="attachments" value=""/>
         <property name="hostName" value="Devil - LAPTOP-V2P5S4MK.mshome.net"/>
         <property name="os" value="Windows 10 64bit"/>
         <property name="katalonVersion" value="9.2.0.212"/>
         <property name="browser" value="Chrome 121.0.0.0"/>
         <property name="hostAddress" value="192.168.137.1"/>
         <property name="sessionId" value="1bd755c27f3fce0d2bb8dcc52c196e66"/>
         <property name="seleniumVersion" value="3.141.59"/>
         <property name="proxyInformation" value="ProxyInformation { proxyOption=NO_PROXY, proxyServerType=HTTP, username=, password=********, proxyServerAddress=, proxyServerPort=0, executionList=&quot;&quot;, isApplyToDesiredCapabilities=true }"/>
         <property name="platform" value="Windows 10"/>
      </properties>
      <testcase name="Test Cases/discover/discover007" time="76.918" classname="Test Cases/discover/discover007" status="PASSED">
         <system-out><![CDATA[08-02-2024T13:28:57 - [TEST_CASE][PASSED] - Test Cases/discover/discover007: Test Cases/discover/discover007

08-02-2024T13:28:57 - [TEST_STEP][PASSED] - Start listener action : sampleBeforeTestCase: Navigate to 'https://www.amazon.in/' successfully

08-02-2024T13:28:57 - [TEST_STEP][PASSED] - openBrowser(""): Browser is opened with url: ''

08-02-2024T13:28:57 - [MESSAGE][INFO] - Starting 'Chrome' driver

08-02-2024T13:28:58 - [MESSAGE][INFO] - Action delay is set to 0 milliseconds

08-02-2024T13:28:59 - [MESSAGE][PASSED] - Browser is opened with url: ''

08-02-2024T13:28:59 - [TEST_STEP][PASSED] - navigateToUrl("https://www.amazon.in/"): Navigate to 'https://www.amazon.in/' successfully

08-02-2024T13:29:04 - [MESSAGE][PASSED] - Navigate to 'https://www.amazon.in/' successfully

08-02-2024T13:29:04 - [TEST_STEP][PASSED] - openBrowser(""): Browser is opened with url: ''

08-02-2024T13:29:04 - [MESSAGE][WARNING] - A browser is already opened. Closing browser and opening a new one

08-02-2024T13:29:05 - [MESSAGE][INFO] - Starting 'Chrome' driver

08-02-2024T13:29:05 - [MESSAGE][INFO] - Action delay is set to 0 milliseconds

08-02-2024T13:29:06 - [MESSAGE][PASSED] - Browser is opened with url: ''

08-02-2024T13:29:06 - [TEST_STEP][PASSED] - navigateToUrl("https://www.amazon.in/"): Navigate to 'https://www.amazon.in/' successfully

08-02-2024T13:29:13 - [MESSAGE][PASSED] - Navigate to 'https://www.amazon.in/' successfully

08-02-2024T13:29:13 - [TEST_STEP][PASSED] - click(findTestObject("Object Repository/discover/discover007/Page_Online Shopping site in India Shop Onl_10c5f3/a_Amazon miniTV")): Object: 'Object Repository/discover/discover007/Page_Online Shopping site in India Shop Onl_10c5f3/a_Amazon miniTV' is clicked on

08-02-2024T13:29:44 - [MESSAGE][PASSED] - Object: 'Object Repository/discover/discover007/Page_Online Shopping site in India Shop Onl_10c5f3/a_Amazon miniTV' is clicked on

08-02-2024T13:29:44 - [TEST_STEP][PASSED] - click(findTestObject("Object Repository/discover/discover007/Page_Amazon miniTV - Watch Free Web Series,_86fafa/span_Imported")): Object: 'Object Repository/discover/discover007/Page_Amazon miniTV - Watch Free Web Series,_86fafa/span_Imported' is clicked on

08-02-2024T13:29:44 - [MESSAGE][PASSED] - Object: 'Object Repository/discover/discover007/Page_Amazon miniTV - Watch Free Web Series,_86fafa/span_Imported' is clicked on

08-02-2024T13:29:44 - [TEST_STEP][PASSED] - click(findTestObject("Object Repository/discover/discover007/Page_Watch Dubbed Web Series, Korean Drama,_0fb818/span_Web Series")): Object: 'Object Repository/discover/discover007/Page_Watch Dubbed Web Series, Korean Drama,_0fb818/span_Web Series' is clicked on

08-02-2024T13:29:45 - [MESSAGE][PASSED] - Object: 'Object Repository/discover/discover007/Page_Watch Dubbed Web Series, Korean Drama,_0fb818/span_Web Series' is clicked on

08-02-2024T13:29:45 - [TEST_STEP][PASSED] - click(findTestObject("Object Repository/discover/discover007/Page_Watch Latest Web Series Online for Fre_49d131/span_Movies")): Object: 'Object Repository/discover/discover007/Page_Watch Latest Web Series Online for Fre_49d131/span_Movies' is clicked on

08-02-2024T13:29:49 - [MESSAGE][PASSED] - Object: 'Object Repository/discover/discover007/Page_Watch Latest Web Series Online for Fre_49d131/span_Movies' is clicked on

08-02-2024T13:29:49 - [TEST_STEP][PASSED] - click(findTestObject("Object Repository/discover/discover007/Page_Watch Popular Movies  Short Films Onli_56b9b2/span_Romance")): Object: 'Object Repository/discover/discover007/Page_Watch Popular Movies  Short Films Onli_56b9b2/span_Romance' is clicked on

08-02-2024T13:29:50 - [MESSAGE][PASSED] - Object: 'Object Repository/discover/discover007/Page_Watch Popular Movies  Short Films Onli_56b9b2/span_Romance' is clicked on

08-02-2024T13:29:50 - [TEST_STEP][PASSED] - click(findTestObject("Object Repository/discover/discover007/Page_Watch Trending Romantic Web Series  Mo_a46f5a/span_Comedy")): Object: 'Object Repository/discover/discover007/Page_Watch Trending Romantic Web Series  Mo_a46f5a/span_Comedy' is clicked on

08-02-2024T13:29:52 - [MESSAGE][PASSED] - Object: 'Object Repository/discover/discover007/Page_Watch Trending Romantic Web Series  Mo_a46f5a/span_Comedy' is clicked on

08-02-2024T13:29:52 - [TEST_STEP][PASSED] - click(findTestObject("Object Repository/discover/discover007/Page_Watch Comedy Web Series, Short Films  _4c3a92/img_AppNavbar_mShopIcon__4UsHr")): Object: 'Object Repository/discover/discover007/Page_Watch Comedy Web Series, Short Films  _4c3a92/img_AppNavbar_mShopIcon__4UsHr' is clicked on

08-02-2024T13:29:56 - [MESSAGE][PASSED] - Object: 'Object Repository/discover/discover007/Page_Watch Comedy Web Series, Short Films  _4c3a92/img_AppNavbar_mShopIcon__4UsHr' is clicked on

08-02-2024T13:29:56 - [TEST_STEP][PASSED] - click(findTestObject("Object Repository/discover/discover007/Page_Online Shopping site in India Shop Onl_10c5f3/a_Sell")): Object: 'Object Repository/discover/discover007/Page_Online Shopping site in India Shop Onl_10c5f3/a_Sell' is clicked on

08-02-2024T13:30:05 - [MESSAGE][PASSED] - Object: 'Object Repository/discover/discover007/Page_Online Shopping site in India Shop Onl_10c5f3/a_Sell' is clicked on

08-02-2024T13:30:05 - [TEST_STEP][PASSED] - click(findTestObject("Object Repository/discover/discover007/Page_Amazon.in CrossShop1/a_Mobiles")): Object: 'Object Repository/discover/discover007/Page_Amazon.in CrossShop1/a_Mobiles' is clicked on

08-02-2024T13:30:13 - [MESSAGE][PASSED] - Object: 'Object Repository/discover/discover007/Page_Amazon.in CrossShop1/a_Mobiles' is clicked on

08-02-2024T13:30:13 - [TEST_STEP][PASSED] - closeBrowser(): Browser is closed

08-02-2024T13:30:14 - [MESSAGE][PASSED] - Browser is closed

08-02-2024T13:30:14 - [TEST_STEP][PASSED] - Start listener action : sampleAfterTestCase: Browser is closed

08-02-2024T13:30:14 - [TEST_STEP][PASSED] - closeBrowser(): Browser is closed

08-02-2024T13:30:14 - [MESSAGE][PASSED] - Browser is closed]]></system-out>
         <system-err><![CDATA[]]></system-err>
      </testcase>
      <testcase name="Test Cases/discover/discover_mobiles002" time="26.504" classname="Test Cases/discover/discover_mobiles002" status="PASSED">
         <system-out><![CDATA[08-02-2024T13:30:14 - [TEST_CASE][PASSED] - Test Cases/discover/discover_mobiles002: Test Cases/discover/discover_mobiles002

08-02-2024T13:30:14 - [TEST_STEP][PASSED] - Start listener action : sampleBeforeTestCase: Navigate to 'https://www.amazon.in/' successfully

08-02-2024T13:30:14 - [TEST_STEP][PASSED] - openBrowser(""): Browser is opened with url: ''

08-02-2024T13:30:14 - [MESSAGE][INFO] - Starting 'Chrome' driver

08-02-2024T13:30:14 - [MESSAGE][INFO] - Action delay is set to 0 milliseconds

08-02-2024T13:30:15 - [MESSAGE][PASSED] - Browser is opened with url: ''

08-02-2024T13:30:15 - [TEST_STEP][PASSED] - navigateToUrl("https://www.amazon.in/"): Navigate to 'https://www.amazon.in/' successfully

08-02-2024T13:30:20 - [MESSAGE][PASSED] - Navigate to 'https://www.amazon.in/' successfully

08-02-2024T13:30:20 - [TEST_STEP][PASSED] - openBrowser(""): Browser is opened with url: ''

08-02-2024T13:30:20 - [MESSAGE][WARNING] - A browser is already opened. Closing browser and opening a new one

08-02-2024T13:30:20 - [MESSAGE][INFO] - Starting 'Chrome' driver

08-02-2024T13:30:20 - [MESSAGE][INFO] - Action delay is set to 0 milliseconds

08-02-2024T13:30:21 - [MESSAGE][PASSED] - Browser is opened with url: ''

08-02-2024T13:30:21 - [TEST_STEP][PASSED] - navigateToUrl("https://www.amazon.in/"): Navigate to 'https://www.amazon.in/' successfully

08-02-2024T13:30:25 - [MESSAGE][PASSED] - Navigate to 'https://www.amazon.in/' successfully

08-02-2024T13:30:25 - [TEST_STEP][PASSED] - click(findTestObject("Object Repository/discover/discover_mobiles002/Page_Online Shopping site in India Shop Onl_10c5f3/a_Mobiles")): Object: 'Object Repository/discover/discover_mobiles002/Page_Online Shopping site in India Shop Onl_10c5f3/a_Mobiles' is clicked on

08-02-2024T13:30:33 - [MESSAGE][PASSED] - Object: 'Object Repository/discover/discover_mobiles002/Page_Online Shopping site in India Shop Onl_10c5f3/a_Mobiles' is clicked on

08-02-2024T13:30:33 - [TEST_STEP][PASSED] - click(findTestObject("Object Repository/discover/discover_mobiles002/Page_Mobile Phones Buy New Mobiles Online a_11ca6d/span_Apple")): Object: 'Object Repository/discover/discover_mobiles002/Page_Mobile Phones Buy New Mobiles Online a_11ca6d/span_Apple' is clicked on

08-02-2024T13:30:35 - [MESSAGE][PASSED] - Object: 'Object Repository/discover/discover_mobiles002/Page_Mobile Phones Buy New Mobiles Online a_11ca6d/span_Apple' is clicked on

08-02-2024T13:30:35 - [TEST_STEP][PASSED] - click(findTestObject("Object Repository/discover/discover_mobiles002/Page_Amazon.in/span_Samsung")): Object: 'Object Repository/discover/discover_mobiles002/Page_Amazon.in/span_Samsung' is clicked on

08-02-2024T13:30:40 - [MESSAGE][PASSED] - Object: 'Object Repository/discover/discover_mobiles002/Page_Amazon.in/span_Samsung' is clicked on

08-02-2024T13:30:40 - [TEST_STEP][PASSED] - closeBrowser(): Browser is closed

08-02-2024T13:30:40 - [MESSAGE][PASSED] - Browser is closed

08-02-2024T13:30:40 - [TEST_STEP][PASSED] - Start listener action : sampleAfterTestCase: Browser is closed

08-02-2024T13:30:40 - [TEST_STEP][PASSED] - closeBrowser(): Browser is closed

08-02-2024T13:30:40 - [MESSAGE][PASSED] - Browser is closed]]></system-out>
         <system-err><![CDATA[]]></system-err>
      </testcase>
      <testcase name="Test Cases/login/login_normal002" time="32.019" classname="Test Cases/login/login_normal002" status="PASSED">
         <system-out><![CDATA[08-02-2024T13:30:40 - [TEST_CASE][PASSED] - Test Cases/login/login_normal002: Test Cases/login/login_normal002

08-02-2024T13:30:40 - [TEST_STEP][PASSED] - Start listener action : sampleBeforeTestCase: Navigate to 'https://www.amazon.in/' successfully

08-02-2024T13:30:40 - [TEST_STEP][PASSED] - openBrowser(""): Browser is opened with url: ''

08-02-2024T13:30:40 - [MESSAGE][INFO] - Starting 'Chrome' driver

08-02-2024T13:30:40 - [MESSAGE][INFO] - Action delay is set to 0 milliseconds

08-02-2024T13:30:41 - [MESSAGE][PASSED] - Browser is opened with url: ''

08-02-2024T13:30:41 - [TEST_STEP][PASSED] - navigateToUrl("https://www.amazon.in/"): Navigate to 'https://www.amazon.in/' successfully

08-02-2024T13:30:44 - [MESSAGE][PASSED] - Navigate to 'https://www.amazon.in/' successfully

08-02-2024T13:30:45 - [TEST_STEP][PASSED] - openBrowser(""): Browser is opened with url: ''

08-02-2024T13:30:45 - [MESSAGE][WARNING] - A browser is already opened. Closing browser and opening a new one

08-02-2024T13:30:45 - [MESSAGE][INFO] - Starting 'Chrome' driver

08-02-2024T13:30:45 - [MESSAGE][INFO] - Action delay is set to 0 milliseconds

08-02-2024T13:30:46 - [MESSAGE][PASSED] - Browser is opened with url: ''

08-02-2024T13:30:46 - [TEST_STEP][PASSED] - navigateToUrl("https://www.amazon.in/"): Navigate to 'https://www.amazon.in/' successfully

08-02-2024T13:30:50 - [MESSAGE][PASSED] - Navigate to 'https://www.amazon.in/' successfully

08-02-2024T13:30:50 - [TEST_STEP][PASSED] - click(findTestObject("Object Repository/login/login_normal002/Page_Online Shopping site in India Shop Onl_10c5f3/i_hm-icon nav-sprite")): Object: 'Object Repository/login/login_normal002/Page_Online Shopping site in India Shop Onl_10c5f3/i_hm-icon nav-sprite' is clicked on

08-02-2024T13:30:51 - [MESSAGE][PASSED] - Object: 'Object Repository/login/login_normal002/Page_Online Shopping site in India Shop Onl_10c5f3/i_hm-icon nav-sprite' is clicked on

08-02-2024T13:30:51 - [TEST_STEP][PASSED] - click(findTestObject("Object Repository/login/login_normal002/Page_Online Shopping site in India Shop Onl_10c5f3/b_Hello, sign in")): Object: 'Object Repository/login/login_normal002/Page_Online Shopping site in India Shop Onl_10c5f3/b_Hello, sign in' is clicked on

08-02-2024T13:30:53 - [MESSAGE][PASSED] - Object: 'Object Repository/login/login_normal002/Page_Online Shopping site in India Shop Onl_10c5f3/b_Hello, sign in' is clicked on

08-02-2024T13:30:53 - [TEST_STEP][PASSED] - setText(findTestObject("Object Repository/login/login_normal002/Page_Amazon Sign In/input_email"), "7779970102"): Text '7779970102' is set on object 'Object Repository/login/login_normal002/Page_Amazon Sign In/input_email'

08-02-2024T13:30:56 - [MESSAGE][PASSED] - Text '7779970102' is set on object 'Object Repository/login/login_normal002/Page_Amazon Sign In/input_email'

08-02-2024T13:30:56 - [TEST_STEP][PASSED] - click(findTestObject("Object Repository/login/login_normal002/Page_Amazon Sign In/inputcontinue")): Object: 'Object Repository/login/login_normal002/Page_Amazon Sign In/inputcontinue' is clicked on

08-02-2024T13:30:57 - [MESSAGE][PASSED] - Object: 'Object Repository/login/login_normal002/Page_Amazon Sign In/inputcontinue' is clicked on

08-02-2024T13:30:57 - [TEST_STEP][PASSED] - setEncryptedText(findTestObject("Object Repository/login/login_normal002/Page_Amazon Sign In/input_password"), "eSPcD+aU0jcqZChrJx5wLA=="): Text ****** has been set on object 'Object Repository/login/login_normal002/Page_Amazon Sign In/input_password'

08-02-2024T13:30:58 - [MESSAGE][PASSED] - Text ****** has been set on object 'Object Repository/login/login_normal002/Page_Amazon Sign In/input_password'

08-02-2024T13:30:58 - [TEST_STEP][PASSED] - click(findTestObject("Object Repository/login/login_normal002/Page_Amazon Sign In/inputsignInSubmit")): Object: 'Object Repository/login/login_normal002/Page_Amazon Sign In/inputsignInSubmit' is clicked on

08-02-2024T13:30:59 - [MESSAGE][PASSED] - Object: 'Object Repository/login/login_normal002/Page_Amazon Sign In/inputsignInSubmit' is clicked on

08-02-2024T13:30:59 - [TEST_STEP][PASSED] - click(findTestObject("Object Repository/login/login_normal002/Page_Online Shopping site in India Shop Onl_10c5f3/i_hm-icon nav-sprite")): Object: 'Object Repository/login/login_normal002/Page_Online Shopping site in India Shop Onl_10c5f3/i_hm-icon nav-sprite' is clicked on

08-02-2024T13:31:05 - [MESSAGE][PASSED] - Object: 'Object Repository/login/login_normal002/Page_Online Shopping site in India Shop Onl_10c5f3/i_hm-icon nav-sprite' is clicked on

08-02-2024T13:31:05 - [TEST_STEP][PASSED] - click(findTestObject("Object Repository/login/login_normal002/Page_Online Shopping site in India Shop Onl_10c5f3/div_Help  Settings")): Object: 'Object Repository/login/login_normal002/Page_Online Shopping site in India Shop Onl_10c5f3/div_Help  Settings' is clicked on

08-02-2024T13:31:08 - [MESSAGE][PASSED] - Object: 'Object Repository/login/login_normal002/Page_Online Shopping site in India Shop Onl_10c5f3/div_Help  Settings' is clicked on

08-02-2024T13:31:08 - [TEST_STEP][PASSED] - verifyElementText(findTestObject("Object Repository/login/login_normal002/Page_Online Shopping site in India Shop Onl_10c5f3/div_Help  Settings"), "Help & Settings"): Actual text and expected text of test object 'Object Repository/login/login_normal002/Page_Online Shopping site in India Shop Onl_10c5f3/div_Help  Settings' are matched.

08-02-2024T13:31:09 - [MESSAGE][PASSED] - Actual text and expected text of test object 'Object Repository/login/login_normal002/Page_Online Shopping site in India Shop Onl_10c5f3/div_Help  Settings' are matched.

08-02-2024T13:31:09 - [TEST_STEP][PASSED] - click(findTestObject("Object Repository/login/login_normal002/Page_Online Shopping site in India Shop Onl_10c5f3/a_Sign Out")): Object: 'Object Repository/login/login_normal002/Page_Online Shopping site in India Shop Onl_10c5f3/a_Sign Out' is clicked on

08-02-2024T13:31:11 - [MESSAGE][PASSED] - Object: 'Object Repository/login/login_normal002/Page_Online Shopping site in India Shop Onl_10c5f3/a_Sign Out' is clicked on

08-02-2024T13:31:11 - [TEST_STEP][PASSED] - closeBrowser(): Browser is closed

08-02-2024T13:31:12 - [MESSAGE][PASSED] - Browser is closed

08-02-2024T13:31:12 - [TEST_STEP][PASSED] - Start listener action : sampleAfterTestCase: Browser is closed

08-02-2024T13:31:12 - [TEST_STEP][PASSED] - closeBrowser(): Browser is closed

08-02-2024T13:31:12 - [MESSAGE][PASSED] - Browser is closed]]></system-out>
         <system-err><![CDATA[]]></system-err>
      </testcase>
      <system-out><![CDATA[08-02-2024T13:28:56 - [TEST_SUITE][PASSED] - login_discover001: Test Cases/login/login_normal002]]></system-out>
      <system-err><![CDATA[]]></system-err>
   </testsuite>
</testsuites>
