<?xml version="1.0" encoding="UTF-8"?>
<testsuites name="login_discover001" time="180.2" tests="3" failures="0" errors="0">
   <testsuite name="login_discover001" tests="3" failures="0" errors="0" time="180.2" skipped="0" timestamp="08-02-2024T13:52:12" hostname="Devil - LAPTOP-V2P5S4MK.mshome.net" id="Test Suites/login_discover/login_discover001">
      <properties>
         <property name="deviceName" value=""/>
         <property name="devicePlatform" value=""/>
         <property name="logFolder" value="C:\\Users\\Devil\\git\\SI-GuidedProject-705690-1704903143\\Reports\\20240208_133803\\login_discover\\login_discover001\\20240208_133808"/>
         <property name="logFiles" value="C:\\Users\\Devil\\git\\SI-GuidedProject-705690-1704903143\\Reports\\20240208_133803\\login_discover\\login_discover001\\20240208_133808\\execution0.log"/>
         <property name="attachments" value=""/>
         <property name="hostName" value="Devil - LAPTOP-V2P5S4MK.mshome.net"/>
         <property name="os" value="Windows 10 64bit"/>
         <property name="katalonVersion" value="9.2.0.212"/>
         <property name="browser" value="Chrome 121.0.0.0"/>
         <property name="hostAddress" value="192.168.137.1"/>
         <property name="sessionId" value="792d47021fd7c5239d9daf2b7e10297d"/>
         <property name="seleniumVersion" value="3.141.59"/>
         <property name="proxyInformation" value="ProxyInformation { proxyOption=NO_PROXY, proxyServerType=HTTP, username=, password=********, proxyServerAddress=, proxyServerPort=0, executionList=&quot;&quot;, isApplyToDesiredCapabilities=true }"/>
         <property name="platform" value="Windows 10"/>
      </properties>
      <testcase name="Test Cases/discover/discover007" time="78.696" classname="Test Cases/discover/discover007" status="PASSED">
         <system-out><![CDATA[08-02-2024T13:52:13 - [TEST_CASE][PASSED] - Test Cases/discover/discover007: Test Cases/discover/discover007

08-02-2024T13:52:13 - [TEST_STEP][PASSED] - Start listener action : sampleBeforeTestCase: Navigate to 'https://www.amazon.in/' successfully

08-02-2024T13:52:13 - [TEST_STEP][PASSED] - openBrowser(""): Browser is opened with url: ''

08-02-2024T13:52:13 - [MESSAGE][INFO] - Starting 'Chrome' driver

08-02-2024T13:52:13 - [MESSAGE][INFO] - Action delay is set to 0 milliseconds

08-02-2024T13:52:15 - [MESSAGE][PASSED] - Browser is opened with url: ''

08-02-2024T13:52:15 - [TEST_STEP][PASSED] - navigateToUrl("https://www.amazon.in/"): Navigate to 'https://www.amazon.in/' successfully

08-02-2024T13:52:18 - [MESSAGE][PASSED] - Navigate to 'https://www.amazon.in/' successfully

08-02-2024T13:52:18 - [TEST_STEP][PASSED] - openBrowser(""): Browser is opened with url: ''

08-02-2024T13:52:18 - [MESSAGE][WARNING] - A browser is already opened. Closing browser and opening a new one

08-02-2024T13:52:18 - [MESSAGE][INFO] - Starting 'Chrome' driver

08-02-2024T13:52:18 - [MESSAGE][INFO] - Action delay is set to 0 milliseconds

08-02-2024T13:52:19 - [MESSAGE][PASSED] - Browser is opened with url: ''

08-02-2024T13:52:19 - [TEST_STEP][PASSED] - navigateToUrl("https://www.amazon.in/"): Navigate to 'https://www.amazon.in/' successfully

08-02-2024T13:52:22 - [MESSAGE][PASSED] - Navigate to 'https://www.amazon.in/' successfully

08-02-2024T13:52:22 - [TEST_STEP][PASSED] - click(findTestObject("Object Repository/discover/discover007/Page_Online Shopping site in India Shop Onl_10c5f3/a_Amazon miniTV")): Object: 'Object Repository/discover/discover007/Page_Online Shopping site in India Shop Onl_10c5f3/a_Amazon miniTV' is clicked on

08-02-2024T13:53:08 - [MESSAGE][PASSED] - Object: 'Object Repository/discover/discover007/Page_Online Shopping site in India Shop Onl_10c5f3/a_Amazon miniTV' is clicked on

08-02-2024T13:53:08 - [TEST_STEP][PASSED] - click(findTestObject("Object Repository/discover/discover007/Page_Amazon miniTV - Watch Free Web Series,_86fafa/span_Imported")): Object: 'Object Repository/discover/discover007/Page_Amazon miniTV - Watch Free Web Series,_86fafa/span_Imported' is clicked on

08-02-2024T13:53:10 - [MESSAGE][PASSED] - Object: 'Object Repository/discover/discover007/Page_Amazon miniTV - Watch Free Web Series,_86fafa/span_Imported' is clicked on

08-02-2024T13:53:10 - [TEST_STEP][PASSED] - click(findTestObject("Object Repository/discover/discover007/Page_Watch Dubbed Web Series, Korean Drama,_0fb818/span_Web Series")): Object: 'Object Repository/discover/discover007/Page_Watch Dubbed Web Series, Korean Drama,_0fb818/span_Web Series' is clicked on

08-02-2024T13:53:11 - [MESSAGE][PASSED] - Object: 'Object Repository/discover/discover007/Page_Watch Dubbed Web Series, Korean Drama,_0fb818/span_Web Series' is clicked on

08-02-2024T13:53:11 - [TEST_STEP][PASSED] - click(findTestObject("Object Repository/discover/discover007/Page_Watch Latest Web Series Online for Fre_49d131/span_Movies")): Object: 'Object Repository/discover/discover007/Page_Watch Latest Web Series Online for Fre_49d131/span_Movies' is clicked on

08-02-2024T13:53:13 - [MESSAGE][PASSED] - Object: 'Object Repository/discover/discover007/Page_Watch Latest Web Series Online for Fre_49d131/span_Movies' is clicked on

08-02-2024T13:53:13 - [TEST_STEP][PASSED] - click(findTestObject("Object Repository/discover/discover007/Page_Watch Popular Movies  Short Films Onli_56b9b2/span_Romance")): Object: 'Object Repository/discover/discover007/Page_Watch Popular Movies  Short Films Onli_56b9b2/span_Romance' is clicked on

08-02-2024T13:53:14 - [MESSAGE][PASSED] - Object: 'Object Repository/discover/discover007/Page_Watch Popular Movies  Short Films Onli_56b9b2/span_Romance' is clicked on

08-02-2024T13:53:14 - [TEST_STEP][PASSED] - click(findTestObject("Object Repository/discover/discover007/Page_Watch Trending Romantic Web Series  Mo_a46f5a/span_Comedy")): Object: 'Object Repository/discover/discover007/Page_Watch Trending Romantic Web Series  Mo_a46f5a/span_Comedy' is clicked on

08-02-2024T13:53:15 - [MESSAGE][PASSED] - Object: 'Object Repository/discover/discover007/Page_Watch Trending Romantic Web Series  Mo_a46f5a/span_Comedy' is clicked on

08-02-2024T13:53:15 - [TEST_STEP][PASSED] - click(findTestObject("Object Repository/discover/discover007/Page_Watch Comedy Web Series, Short Films  _4c3a92/img_AppNavbar_mShopIcon__4UsHr")): Object: 'Object Repository/discover/discover007/Page_Watch Comedy Web Series, Short Films  _4c3a92/img_AppNavbar_mShopIcon__4UsHr' is clicked on

08-02-2024T13:53:18 - [MESSAGE][PASSED] - Object: 'Object Repository/discover/discover007/Page_Watch Comedy Web Series, Short Films  _4c3a92/img_AppNavbar_mShopIcon__4UsHr' is clicked on

08-02-2024T13:53:18 - [TEST_STEP][PASSED] - click(findTestObject("Object Repository/discover/discover007/Page_Online Shopping site in India Shop Onl_10c5f3/a_Sell")): Object: 'Object Repository/discover/discover007/Page_Online Shopping site in India Shop Onl_10c5f3/a_Sell' is clicked on

08-02-2024T13:53:24 - [MESSAGE][PASSED] - Object: 'Object Repository/discover/discover007/Page_Online Shopping site in India Shop Onl_10c5f3/a_Sell' is clicked on

08-02-2024T13:53:24 - [TEST_STEP][PASSED] - click(findTestObject("Object Repository/discover/discover007/Page_Amazon.in CrossShop1/a_Mobiles")): Object: 'Object Repository/discover/discover007/Page_Amazon.in CrossShop1/a_Mobiles' is clicked on

08-02-2024T13:53:31 - [MESSAGE][PASSED] - Object: 'Object Repository/discover/discover007/Page_Amazon.in CrossShop1/a_Mobiles' is clicked on

08-02-2024T13:53:31 - [TEST_STEP][PASSED] - closeBrowser(): Browser is closed

08-02-2024T13:53:31 - [MESSAGE][PASSED] - Browser is closed

08-02-2024T13:53:31 - [TEST_STEP][PASSED] - Start listener action : sampleAfterTestCase: Browser is closed

08-02-2024T13:53:31 - [TEST_STEP][PASSED] - closeBrowser(): Browser is closed

08-02-2024T13:53:31 - [MESSAGE][PASSED] - Browser is closed]]></system-out>
         <system-err><![CDATA[]]></system-err>
      </testcase>
      <testcase name="Test Cases/discover/discover_mobiles002" time="27.532" classname="Test Cases/discover/discover_mobiles002" status="PASSED">
         <system-out><![CDATA[08-02-2024T13:53:31 - [TEST_CASE][PASSED] - Test Cases/discover/discover_mobiles002: Test Cases/discover/discover_mobiles002

08-02-2024T13:53:31 - [TEST_STEP][PASSED] - Start listener action : sampleBeforeTestCase: Navigate to 'https://www.amazon.in/' successfully

08-02-2024T13:53:31 - [TEST_STEP][PASSED] - openBrowser(""): Browser is opened with url: ''

08-02-2024T13:53:31 - [MESSAGE][INFO] - Starting 'Chrome' driver

08-02-2024T13:53:31 - [MESSAGE][INFO] - Action delay is set to 0 milliseconds

08-02-2024T13:53:32 - [MESSAGE][PASSED] - Browser is opened with url: ''

08-02-2024T13:53:32 - [TEST_STEP][PASSED] - navigateToUrl("https://www.amazon.in/"): Navigate to 'https://www.amazon.in/' successfully

08-02-2024T13:53:36 - [MESSAGE][PASSED] - Navigate to 'https://www.amazon.in/' successfully

08-02-2024T13:53:36 - [TEST_STEP][PASSED] - openBrowser(""): Browser is opened with url: ''

08-02-2024T13:53:36 - [MESSAGE][WARNING] - A browser is already opened. Closing browser and opening a new one

08-02-2024T13:53:36 - [MESSAGE][INFO] - Starting 'Chrome' driver

08-02-2024T13:53:36 - [MESSAGE][INFO] - Action delay is set to 0 milliseconds

08-02-2024T13:53:37 - [MESSAGE][PASSED] - Browser is opened with url: ''

08-02-2024T13:53:37 - [TEST_STEP][PASSED] - navigateToUrl("https://www.amazon.in/"): Navigate to 'https://www.amazon.in/' successfully

08-02-2024T13:53:42 - [MESSAGE][PASSED] - Navigate to 'https://www.amazon.in/' successfully

08-02-2024T13:53:42 - [TEST_STEP][PASSED] - click(findTestObject("Object Repository/discover/discover_mobiles002/Page_Online Shopping site in India Shop Onl_10c5f3/a_Mobiles")): Object: 'Object Repository/discover/discover_mobiles002/Page_Online Shopping site in India Shop Onl_10c5f3/a_Mobiles' is clicked on

08-02-2024T13:53:49 - [MESSAGE][PASSED] - Object: 'Object Repository/discover/discover_mobiles002/Page_Online Shopping site in India Shop Onl_10c5f3/a_Mobiles' is clicked on

08-02-2024T13:53:49 - [TEST_STEP][PASSED] - click(findTestObject("Object Repository/discover/discover_mobiles002/Page_Mobile Phones Buy New Mobiles Online a_11ca6d/span_Apple")): Object: 'Object Repository/discover/discover_mobiles002/Page_Mobile Phones Buy New Mobiles Online a_11ca6d/span_Apple' is clicked on

08-02-2024T13:53:54 - [MESSAGE][PASSED] - Object: 'Object Repository/discover/discover_mobiles002/Page_Mobile Phones Buy New Mobiles Online a_11ca6d/span_Apple' is clicked on

08-02-2024T13:53:54 - [TEST_STEP][PASSED] - click(findTestObject("Object Repository/discover/discover_mobiles002/Page_Amazon.in/span_Samsung")): Object: 'Object Repository/discover/discover_mobiles002/Page_Amazon.in/span_Samsung' is clicked on

08-02-2024T13:53:58 - [MESSAGE][PASSED] - Object: 'Object Repository/discover/discover_mobiles002/Page_Amazon.in/span_Samsung' is clicked on

08-02-2024T13:53:58 - [TEST_STEP][PASSED] - closeBrowser(): Browser is closed

08-02-2024T13:53:59 - [MESSAGE][PASSED] - Browser is closed

08-02-2024T13:53:59 - [TEST_STEP][PASSED] - Start listener action : sampleAfterTestCase: Browser is closed

08-02-2024T13:53:59 - [TEST_STEP][PASSED] - closeBrowser(): Browser is closed

08-02-2024T13:53:59 - [MESSAGE][PASSED] - Browser is closed]]></system-out>
         <system-err><![CDATA[]]></system-err>
      </testcase>
      <testcase name="Test Cases/login/login_normal002" time="73.583" classname="Test Cases/login/login_normal002" status="PASSED">
         <system-out><![CDATA[08-02-2024T13:53:59 - [TEST_CASE][PASSED] - Test Cases/login/login_normal002: Test Cases/login/login_normal002

08-02-2024T13:53:59 - [TEST_STEP][PASSED] - Start listener action : sampleBeforeTestCase: Navigate to 'https://www.amazon.in/' successfully

08-02-2024T13:53:59 - [TEST_STEP][PASSED] - openBrowser(""): Browser is opened with url: ''

08-02-2024T13:53:59 - [MESSAGE][INFO] - Starting 'Chrome' driver

08-02-2024T13:53:59 - [MESSAGE][INFO] - Action delay is set to 0 milliseconds

08-02-2024T13:54:00 - [MESSAGE][PASSED] - Browser is opened with url: ''

08-02-2024T13:54:00 - [TEST_STEP][PASSED] - navigateToUrl("https://www.amazon.in/"): Navigate to 'https://www.amazon.in/' successfully

08-02-2024T13:54:05 - [MESSAGE][PASSED] - Navigate to 'https://www.amazon.in/' successfully

08-02-2024T13:54:05 - [TEST_STEP][PASSED] - openBrowser(""): Browser is opened with url: ''

08-02-2024T13:54:05 - [MESSAGE][WARNING] - A browser is already opened. Closing browser and opening a new one

08-02-2024T13:54:05 - [MESSAGE][INFO] - Starting 'Chrome' driver

08-02-2024T13:54:05 - [MESSAGE][INFO] - Action delay is set to 0 milliseconds

08-02-2024T13:54:06 - [MESSAGE][PASSED] - Browser is opened with url: ''

08-02-2024T13:54:06 - [TEST_STEP][PASSED] - navigateToUrl("https://www.amazon.in/"): Navigate to 'https://www.amazon.in/' successfully

08-02-2024T13:54:09 - [MESSAGE][PASSED] - Navigate to 'https://www.amazon.in/' successfully

08-02-2024T13:54:09 - [TEST_STEP][PASSED] - click(findTestObject("Object Repository/login/login_normal002/Page_Online Shopping site in India Shop Onl_10c5f3/i_hm-icon nav-sprite")): Object: 'Object Repository/login/login_normal002/Page_Online Shopping site in India Shop Onl_10c5f3/i_hm-icon nav-sprite' is clicked on

08-02-2024T13:54:56 - [MESSAGE][PASSED] - Object: 'Object Repository/login/login_normal002/Page_Online Shopping site in India Shop Onl_10c5f3/i_hm-icon nav-sprite' is clicked on

08-02-2024T13:54:56 - [TEST_STEP][PASSED] - click(findTestObject("Object Repository/login/login_normal002/Page_Online Shopping site in India Shop Onl_10c5f3/b_Hello, sign in")): Object: 'Object Repository/login/login_normal002/Page_Online Shopping site in India Shop Onl_10c5f3/b_Hello, sign in' is clicked on

08-02-2024T13:55:00 - [MESSAGE][PASSED] - Object: 'Object Repository/login/login_normal002/Page_Online Shopping site in India Shop Onl_10c5f3/b_Hello, sign in' is clicked on

08-02-2024T13:55:00 - [TEST_STEP][PASSED] - setText(findTestObject("Object Repository/login/login_normal002/Page_Amazon Sign In/input_email"), "7779970102"): Text '7779970102' is set on object 'Object Repository/login/login_normal002/Page_Amazon Sign In/input_email'

08-02-2024T13:55:01 - [MESSAGE][PASSED] - Text '7779970102' is set on object 'Object Repository/login/login_normal002/Page_Amazon Sign In/input_email'

08-02-2024T13:55:01 - [TEST_STEP][PASSED] - click(findTestObject("Object Repository/login/login_normal002/Page_Amazon Sign In/inputcontinue")): Object: 'Object Repository/login/login_normal002/Page_Amazon Sign In/inputcontinue' is clicked on

08-02-2024T13:55:02 - [MESSAGE][PASSED] - Object: 'Object Repository/login/login_normal002/Page_Amazon Sign In/inputcontinue' is clicked on

08-02-2024T13:55:02 - [TEST_STEP][PASSED] - setEncryptedText(findTestObject("Object Repository/login/login_normal002/Page_Amazon Sign In/input_password"), "eSPcD+aU0jcqZChrJx5wLA=="): Text ****** has been set on object 'Object Repository/login/login_normal002/Page_Amazon Sign In/input_password'

08-02-2024T13:55:03 - [MESSAGE][PASSED] - Text ****** has been set on object 'Object Repository/login/login_normal002/Page_Amazon Sign In/input_password'

08-02-2024T13:55:03 - [TEST_STEP][PASSED] - click(findTestObject("Object Repository/login/login_normal002/Page_Amazon Sign In/inputsignInSubmit")): Object: 'Object Repository/login/login_normal002/Page_Amazon Sign In/inputsignInSubmit' is clicked on

08-02-2024T13:55:03 - [MESSAGE][PASSED] - Object: 'Object Repository/login/login_normal002/Page_Amazon Sign In/inputsignInSubmit' is clicked on

08-02-2024T13:55:03 - [TEST_STEP][PASSED] - click(findTestObject("Object Repository/login/login_normal002/Page_Online Shopping site in India Shop Onl_10c5f3/i_hm-icon nav-sprite")): Object: 'Object Repository/login/login_normal002/Page_Online Shopping site in India Shop Onl_10c5f3/i_hm-icon nav-sprite' is clicked on

08-02-2024T13:55:08 - [MESSAGE][PASSED] - Object: 'Object Repository/login/login_normal002/Page_Online Shopping site in India Shop Onl_10c5f3/i_hm-icon nav-sprite' is clicked on

08-02-2024T13:55:08 - [TEST_STEP][PASSED] - click(findTestObject("Object Repository/login/login_normal002/Page_Online Shopping site in India Shop Onl_10c5f3/div_Help  Settings")): Object: 'Object Repository/login/login_normal002/Page_Online Shopping site in India Shop Onl_10c5f3/div_Help  Settings' is clicked on

08-02-2024T13:55:10 - [MESSAGE][PASSED] - Object: 'Object Repository/login/login_normal002/Page_Online Shopping site in India Shop Onl_10c5f3/div_Help  Settings' is clicked on

08-02-2024T13:55:10 - [TEST_STEP][PASSED] - verifyElementText(findTestObject("Object Repository/login/login_normal002/Page_Online Shopping site in India Shop Onl_10c5f3/div_Help  Settings"), "Help & Settings"): Actual text and expected text of test object 'Object Repository/login/login_normal002/Page_Online Shopping site in India Shop Onl_10c5f3/div_Help  Settings' are matched.

08-02-2024T13:55:10 - [MESSAGE][PASSED] - Actual text and expected text of test object 'Object Repository/login/login_normal002/Page_Online Shopping site in India Shop Onl_10c5f3/div_Help  Settings' are matched.

08-02-2024T13:55:10 - [TEST_STEP][PASSED] - click(findTestObject("Object Repository/login/login_normal002/Page_Online Shopping site in India Shop Onl_10c5f3/a_Sign Out")): Object: 'Object Repository/login/login_normal002/Page_Online Shopping site in India Shop Onl_10c5f3/a_Sign Out' is clicked on

08-02-2024T13:55:12 - [MESSAGE][PASSED] - Object: 'Object Repository/login/login_normal002/Page_Online Shopping site in India Shop Onl_10c5f3/a_Sign Out' is clicked on

08-02-2024T13:55:12 - [TEST_STEP][PASSED] - closeBrowser(): Browser is closed

08-02-2024T13:55:12 - [MESSAGE][PASSED] - Browser is closed

08-02-2024T13:55:12 - [TEST_STEP][PASSED] - Start listener action : sampleAfterTestCase: Browser is closed

08-02-2024T13:55:12 - [TEST_STEP][PASSED] - closeBrowser(): Browser is closed

08-02-2024T13:55:12 - [MESSAGE][PASSED] - Browser is closed]]></system-out>
         <system-err><![CDATA[]]></system-err>
      </testcase>
      <system-out><![CDATA[08-02-2024T13:52:12 - [TEST_SUITE][PASSED] - login_discover001: Test Cases/login/login_normal002]]></system-out>
      <system-err><![CDATA[]]></system-err>
   </testsuite>
</testsuites>
