<?xml version="1.0" encoding="UTF-8"?>
<testsuites name="only_login" time="42.604" tests="1" failures="0" errors="0">
   <testsuite name="only_login" tests="1" failures="0" errors="0" time="42.604" skipped="0" timestamp="08-02-2024T13:31:19" hostname="Devil - LAPTOP-V2P5S4MK.mshome.net" id="Test Suites/only_login/only_login">
      <properties>
         <property name="deviceName" value=""/>
         <property name="devicePlatform" value=""/>
         <property name="logFolder" value="C:\\Users\\Devil\\git\\SI-GuidedProject-705690-1704903143\\Reports\\20240208_131749\\only_login\\only_login\\20240208_131756"/>
         <property name="logFiles" value="C:\\Users\\Devil\\git\\SI-GuidedProject-705690-1704903143\\Reports\\20240208_131749\\only_login\\only_login\\20240208_131756\\execution0.log"/>
         <property name="attachments" value=""/>
         <property name="hostName" value="Devil - LAPTOP-V2P5S4MK.mshome.net"/>
         <property name="os" value="Windows 10 64bit"/>
         <property name="katalonVersion" value="9.2.0.212"/>
         <property name="browser" value="Chrome 121.0.0.0"/>
         <property name="hostAddress" value="192.168.137.1"/>
         <property name="sessionId" value="943b440f01d6891e0f74cdf4a8526ea6"/>
         <property name="seleniumVersion" value="3.141.59"/>
         <property name="proxyInformation" value="ProxyInformation { proxyOption=NO_PROXY, proxyServerType=HTTP, username=, password=********, proxyServerAddress=, proxyServerPort=0, executionList=&quot;&quot;, isApplyToDesiredCapabilities=true }"/>
         <property name="platform" value="Windows 10"/>
      </properties>
      <testcase name="Test Cases/login/login_normal002" time="42.248" classname="Test Cases/login/login_normal002" status="PASSED">
         <system-out><![CDATA[08-02-2024T13:31:19 - [TEST_CASE][PASSED] - Test Cases/login/login_normal002: Test Cases/login/login_normal002

08-02-2024T13:31:19 - [TEST_STEP][PASSED] - Start listener action : sampleBeforeTestCase: Navigate to 'https://www.amazon.in/' successfully

08-02-2024T13:31:19 - [TEST_STEP][PASSED] - openBrowser(""): Browser is opened with url: ''

08-02-2024T13:31:20 - [MESSAGE][INFO] - Starting 'Chrome' driver

08-02-2024T13:31:20 - [MESSAGE][INFO] - Action delay is set to 0 milliseconds

08-02-2024T13:31:22 - [MESSAGE][PASSED] - Browser is opened with url: ''

08-02-2024T13:31:22 - [TEST_STEP][PASSED] - navigateToUrl("https://www.amazon.in/"): Navigate to 'https://www.amazon.in/' successfully

08-02-2024T13:31:26 - [MESSAGE][PASSED] - Navigate to 'https://www.amazon.in/' successfully

08-02-2024T13:31:26 - [TEST_STEP][PASSED] - openBrowser(""): Browser is opened with url: ''

08-02-2024T13:31:26 - [MESSAGE][WARNING] - A browser is already opened. Closing browser and opening a new one

08-02-2024T13:31:26 - [MESSAGE][INFO] - Starting 'Chrome' driver

08-02-2024T13:31:26 - [MESSAGE][INFO] - Action delay is set to 0 milliseconds

08-02-2024T13:31:27 - [MESSAGE][PASSED] - Browser is opened with url: ''

08-02-2024T13:31:27 - [TEST_STEP][PASSED] - navigateToUrl("https://www.amazon.in/"): Navigate to 'https://www.amazon.in/' successfully

08-02-2024T13:31:32 - [MESSAGE][PASSED] - Navigate to 'https://www.amazon.in/' successfully

08-02-2024T13:31:32 - [TEST_STEP][PASSED] - click(findTestObject("Object Repository/login/login_normal002/Page_Online Shopping site in India Shop Onl_10c5f3/i_hm-icon nav-sprite")): Object: 'Object Repository/login/login_normal002/Page_Online Shopping site in India Shop Onl_10c5f3/i_hm-icon nav-sprite' is clicked on

08-02-2024T13:31:33 - [MESSAGE][PASSED] - Object: 'Object Repository/login/login_normal002/Page_Online Shopping site in India Shop Onl_10c5f3/i_hm-icon nav-sprite' is clicked on

08-02-2024T13:31:33 - [TEST_STEP][PASSED] - click(findTestObject("Object Repository/login/login_normal002/Page_Online Shopping site in India Shop Onl_10c5f3/b_Hello, sign in")): Object: 'Object Repository/login/login_normal002/Page_Online Shopping site in India Shop Onl_10c5f3/b_Hello, sign in' is clicked on

08-02-2024T13:31:35 - [MESSAGE][PASSED] - Object: 'Object Repository/login/login_normal002/Page_Online Shopping site in India Shop Onl_10c5f3/b_Hello, sign in' is clicked on

08-02-2024T13:31:35 - [TEST_STEP][PASSED] - setText(findTestObject("Object Repository/login/login_normal002/Page_Amazon Sign In/input_email"), "7779970102"): Text '7779970102' is set on object 'Object Repository/login/login_normal002/Page_Amazon Sign In/input_email'

08-02-2024T13:31:37 - [MESSAGE][PASSED] - Text '7779970102' is set on object 'Object Repository/login/login_normal002/Page_Amazon Sign In/input_email'

08-02-2024T13:31:37 - [TEST_STEP][PASSED] - click(findTestObject("Object Repository/login/login_normal002/Page_Amazon Sign In/inputcontinue")): Object: 'Object Repository/login/login_normal002/Page_Amazon Sign In/inputcontinue' is clicked on

08-02-2024T13:31:38 - [MESSAGE][PASSED] - Object: 'Object Repository/login/login_normal002/Page_Amazon Sign In/inputcontinue' is clicked on

08-02-2024T13:31:38 - [TEST_STEP][PASSED] - setEncryptedText(findTestObject("Object Repository/login/login_normal002/Page_Amazon Sign In/input_password"), "eSPcD+aU0jcqZChrJx5wLA=="): Text ****** has been set on object 'Object Repository/login/login_normal002/Page_Amazon Sign In/input_password'

08-02-2024T13:31:39 - [MESSAGE][PASSED] - Text ****** has been set on object 'Object Repository/login/login_normal002/Page_Amazon Sign In/input_password'

08-02-2024T13:31:39 - [TEST_STEP][PASSED] - click(findTestObject("Object Repository/login/login_normal002/Page_Amazon Sign In/inputsignInSubmit")): Object: 'Object Repository/login/login_normal002/Page_Amazon Sign In/inputsignInSubmit' is clicked on

08-02-2024T13:31:39 - [MESSAGE][PASSED] - Object: 'Object Repository/login/login_normal002/Page_Amazon Sign In/inputsignInSubmit' is clicked on

08-02-2024T13:31:39 - [TEST_STEP][PASSED] - click(findTestObject("Object Repository/login/login_normal002/Page_Online Shopping site in India Shop Onl_10c5f3/i_hm-icon nav-sprite")): Object: 'Object Repository/login/login_normal002/Page_Online Shopping site in India Shop Onl_10c5f3/i_hm-icon nav-sprite' is clicked on

08-02-2024T13:31:58 - [MESSAGE][PASSED] - Object: 'Object Repository/login/login_normal002/Page_Online Shopping site in India Shop Onl_10c5f3/i_hm-icon nav-sprite' is clicked on

08-02-2024T13:31:58 - [TEST_STEP][PASSED] - click(findTestObject("Object Repository/login/login_normal002/Page_Online Shopping site in India Shop Onl_10c5f3/div_Help  Settings")): Object: 'Object Repository/login/login_normal002/Page_Online Shopping site in India Shop Onl_10c5f3/div_Help  Settings' is clicked on

08-02-2024T13:31:59 - [MESSAGE][PASSED] - Object: 'Object Repository/login/login_normal002/Page_Online Shopping site in India Shop Onl_10c5f3/div_Help  Settings' is clicked on

08-02-2024T13:31:59 - [TEST_STEP][PASSED] - verifyElementText(findTestObject("Object Repository/login/login_normal002/Page_Online Shopping site in India Shop Onl_10c5f3/div_Help  Settings"), "Help & Settings"): Actual text and expected text of test object 'Object Repository/login/login_normal002/Page_Online Shopping site in India Shop Onl_10c5f3/div_Help  Settings' are matched.

08-02-2024T13:31:59 - [MESSAGE][PASSED] - Actual text and expected text of test object 'Object Repository/login/login_normal002/Page_Online Shopping site in India Shop Onl_10c5f3/div_Help  Settings' are matched.

08-02-2024T13:31:59 - [TEST_STEP][PASSED] - click(findTestObject("Object Repository/login/login_normal002/Page_Online Shopping site in India Shop Onl_10c5f3/a_Sign Out")): Object: 'Object Repository/login/login_normal002/Page_Online Shopping site in India Shop Onl_10c5f3/a_Sign Out' is clicked on

08-02-2024T13:32:01 - [MESSAGE][PASSED] - Object: 'Object Repository/login/login_normal002/Page_Online Shopping site in India Shop Onl_10c5f3/a_Sign Out' is clicked on

08-02-2024T13:32:01 - [TEST_STEP][PASSED] - closeBrowser(): Browser is closed

08-02-2024T13:32:01 - [MESSAGE][PASSED] - Browser is closed

08-02-2024T13:32:01 - [TEST_STEP][PASSED] - Start listener action : sampleAfterTestCase: Browser is closed

08-02-2024T13:32:01 - [TEST_STEP][PASSED] - closeBrowser(): Browser is closed

08-02-2024T13:32:01 - [MESSAGE][PASSED] - Browser is closed]]></system-out>
         <system-err><![CDATA[]]></system-err>
      </testcase>
      <system-out><![CDATA[08-02-2024T13:31:19 - [TEST_SUITE][PASSED] - only_login: Test Cases/login/login_normal002]]></system-out>
      <system-err><![CDATA[]]></system-err>
   </testsuite>
</testsuites>
